<?xml version="1.0" encoding="UTF-8"?>
<!-- Generated by org.testng.reporters.JUnitReportReporter -->
<testsuite hostname="IN-V776W92VTP" failures="0" tests="7" name="TestClasses.Android.GeneralStore" time="67.372" errors="0" timestamp="2023-08-30T10:55:51 IST" skipped="3">
  <testcase classname="TestClasses.Android.GeneralStore" name="validateSuccesfulRegistration" time="14.933"/>
  <system-out/>
  <testcase classname="TestClasses.Android.GeneralStore" name="validationOfErrorMessageOnRegisterScreen" time="17.876"/>
  <system-out/>
  <testcase classname="TestClasses.Android.GeneralStore" name="validateSuccesfulRegistration" time="20.825"/>
  <system-out/>
  <testcase classname="TestClasses.Android.GeneralStore" name="validationOfErrorMessageOnRegisterScreen" time="13.738"/>
  <system-out/>
  <testcase classname="TestClasses.Android.GeneralStore" name="validateUserCompletesCheckout">
    <skipped/>
  </testcase> <!-- validateUserCompletesCheckout -->
  <system-out/>
  <testcase classname="TestClasses.Android.GeneralStore" name="validateProductsAddedToCart">
    <skipped/>
  </testcase> <!-- validateProductsAddedToCart -->
  <system-out/>
  <testcase classname="TestClasses.Android.GeneralStore" name="validateUserAbleToCheckout">
    <skipped/>
  </testcase> <!-- validateUserAbleToCheckout -->
  <system-out/>
</testsuite> <!-- TestClasses.Android.GeneralStore -->
